<?xml version="1.0" encoding="UTF-8"?>
<testng-results ignored="0" total="1" passed="1" failed="0" skipped="0">
  <reporter-output>
  </reporter-output>
  <suite started-at="2024-03-16T11:22:41 IST" name="Default suite" finished-at="2024-03-16T11:23:24 IST" duration-ms="42255">
    <groups>
    </groups>
    <test started-at="2024-03-16T11:22:41 IST" name="Default test" finished-at="2024-03-16T11:23:24 IST" duration-ms="42255">
      <class name="Assesment1.Assesment1.edureka">
        <test-method signature="Test()[pri:0, instance:Assesment1.Assesment1.edureka@1aa7ecca]" started-at="2024-03-16T11:22:41 IST" name="Test" finished-at="2024-03-16T11:23:24 IST" duration-ms="42209" status="PASS">
          <reporter-output>
          </reporter-output>
        </test-method> <!-- Test -->
      </class> <!-- Assesment1.Assesment1.edureka -->
    </test> <!-- Default test -->
  </suite> <!-- Default suite -->
</testng-results>
